Arguments: 
  C:\Program Files\nodejs\node.exe C:\Users\gabri\AppData\Roaming\npm\node_modules\yarn\bin\yarn.js add react

PATH: 
  C:\Program Files\nodejs\node_modules\npm\node_modules\npm-lifecycle\node-gyp-bin;C:\Users\gabri\Documents\Dev\01 Webutvikling og API-design\dev\lecture-7\quiz-mob-programming\node_modules\.bin;C:\Python39\Scripts\;C:\Python39\;C:\Program Files\Java\jdk-13.0.1\bin;C:\Program Files\SourceGear\Common\DiffMerge\;C:\WINDOWS\system32;C:\WINDOWS;C:\WINDOWS\System32\Wbem;C:\WINDOWS\System32\WindowsPowerShell\v1.0\;C:\WINDOWS\System32\OpenSSH\;C:\Program Files\Microsoft SQL Server\130\Tools\Binn\;C:\Program Files\dotnet\;C:\ProgramData\chocolatey\bin;C:\Program Files\Git\cmd;C:\Program Files\nodejs\;C:\Program Files\Maven\apache-maven-3.6.3\bin;C:\PROGRA~1\Java\JDK-13~1.1\\bin;C:\Users\gabri\AppData\Local\Programs\Python\Python38-32\Scripts\;C:\Users\gabri\AppData\Local\Programs\Python\Python38-32\;C:\Users\gabri\AppData\Local\Microsoft\WindowsApps;;C:\Users\gabri\AppData\Local\Programs\Microsoft VS Code\bin;C:\Program Files\JetBrains\IntelliJ IDEA 2019.3.1\bin;;C:\Users\gabri\.dotnet\tools;C:\Users\gabri\AppData\Roaming\npm

Yarn version: 
  1.22.10

Node version: 
  14.15.1

Platform: 
  win32 x64

Trace: 
  Error: EPERM: operation not permitted, unlink 'C:\Users\gabri\Documents\Dev\01 Webutvikling og API-design\dev\lecture-7\quiz-mob-programming\node_modules\deasync\bin\win32-x64-node-14\deasync.node'

npm manifest: 
  {
    "name": "quiz-mob-programming",
    "version": "1.0.0",
    "description": "",
    "main": "index.js",
    "scripts": {
      "test": "echo \"Error: no test specified\" && exit 1",
      "parcel": "parcel src/index.html"
    },
    "repository": {
      "type": "git",
      "url": "git+https://github.com/kristiania-pg6301-2021/quiz-mob-programming.git"
    },
    "author": "",
    "license": "ISC",
    "bugs": {
      "url": "https://github.com/kristiania-pg6301-2021/quiz-mob-programming/issues"
    },
    "homepage": "https://github.com/kristiania-pg6301-2021/quiz-mob-programming#readme",
    "devDependencies": {
      "parcel": "^1.12.3"
    },
    "dependencies": {
      "react": "^17.0.1",
      "react-dom": "^17.0.1"
    }
  }

yarn manifest: 
  No manifest

Lockfile: 
  No lockfile
